<?xml version="1.0" encoding="UTF-8"?>
<!-- Generated by org.testng.reporters.JUnitReportReporter -->
<testsuite skipped="0" hostname="GSG1PM-FT0384" name="com.qa.automation.tests.HomePageTest" tests="1" failures="0" timestamp="25 Jan 2020 07:51:46 GMT" time="20.519" errors="0">
  <testcase name="searchIphoneOnFlipkartTest" time="20.519" classname="com.qa.automation.tests.HomePageTest"/>
</testsuite> <!-- com.qa.automation.tests.HomePageTest -->
