<?xml version="1.0" encoding="UTF-8"?>
<!-- Generated by org.testng.reporters.JUnitReportReporter -->
<testsuite skipped="0" hostname="GSG1PM-FT0384" name="com.qa.automation.tests.HomePageTest" tests="1" failures="0" timestamp="26 Jan 2020 13:13:59 GMT" time="34.272" errors="0">
  <testcase name="searchClubMahindraTest" time="34.272" classname="com.qa.automation.tests.HomePageTest"/>
</testsuite> <!-- com.qa.automation.tests.HomePageTest -->
